[0.780s] Invoking command in '/home/pi/ros2_ws/pubsub_package': PYTHONPATH=/home/pi/ros2_ws/pubsub_package/build/pubsub_package/prefix_override:/usr/lib/python3/dist-packages/colcon_core/task/python/colcon_distutils_commands:/home/pi/ros2_ws/pubsub_package/install/pubsub_package/lib/python3.10/site-packages:${PYTHONPATH} /usr/bin/python3 -W ignore:setup.py install is deprecated -W ignore:easy_install command is deprecated setup.py egg_info --egg-base build/pubsub_package build --build-base /home/pi/ros2_ws/pubsub_package/build/pubsub_package/build install --record /home/pi/ros2_ws/pubsub_package/build/pubsub_package/install.log --single-version-externally-managed install_data
[0.990s] running egg_info
[0.990s] creating build/pubsub_package/pubsub_package.egg-info
[0.990s] writing build/pubsub_package/pubsub_package.egg-info/PKG-INFO
[0.991s] writing dependency_links to build/pubsub_package/pubsub_package.egg-info/dependency_links.txt
[0.991s] writing entry points to build/pubsub_package/pubsub_package.egg-info/entry_points.txt
[0.991s] writing requirements to build/pubsub_package/pubsub_package.egg-info/requires.txt
[0.991s] writing top-level names to build/pubsub_package/pubsub_package.egg-info/top_level.txt
[0.991s] writing manifest file 'build/pubsub_package/pubsub_package.egg-info/SOURCES.txt'
[0.992s] reading manifest file 'build/pubsub_package/pubsub_package.egg-info/SOURCES.txt'
[0.993s] writing manifest file 'build/pubsub_package/pubsub_package.egg-info/SOURCES.txt'
[0.993s] running build
[0.994s] running build_py
[0.994s] creating /home/pi/ros2_ws/pubsub_package/build/pubsub_package/build
[0.994s] creating /home/pi/ros2_ws/pubsub_package/build/pubsub_package/build/lib
[0.994s] creating /home/pi/ros2_ws/pubsub_package/build/pubsub_package/build/lib/pubsub_package
[0.994s] copying pubsub_package/__init__.py -> /home/pi/ros2_ws/pubsub_package/build/pubsub_package/build/lib/pubsub_package
[0.994s] copying pubsub_package/global.py -> /home/pi/ros2_ws/pubsub_package/build/pubsub_package/build/lib/pubsub_package
[0.994s] copying pubsub_package/local.py -> /home/pi/ros2_ws/pubsub_package/build/pubsub_package/build/lib/pubsub_package
[0.995s] creating /home/pi/ros2_ws/pubsub_package/build/pubsub_package/build/lib/pubsub_package/planner
[0.995s] copying pubsub_package/planner/__init__.py -> /home/pi/ros2_ws/pubsub_package/build/pubsub_package/build/lib/pubsub_package/planner
[0.995s] copying pubsub_package/planner/dwa.py -> /home/pi/ros2_ws/pubsub_package/build/pubsub_package/build/lib/pubsub_package/planner
[0.995s] copying pubsub_package/planner/rrt_star.py -> /home/pi/ros2_ws/pubsub_package/build/pubsub_package/build/lib/pubsub_package/planner
[0.995s] running install
[0.995s] running install_lib
[0.996s] creating /home/pi/ros2_ws/pubsub_package/install/pubsub_package/lib/python3.10/site-packages/pubsub_package
[0.996s] copying /home/pi/ros2_ws/pubsub_package/build/pubsub_package/build/lib/pubsub_package/__init__.py -> /home/pi/ros2_ws/pubsub_package/install/pubsub_package/lib/python3.10/site-packages/pubsub_package
[0.996s] copying /home/pi/ros2_ws/pubsub_package/build/pubsub_package/build/lib/pubsub_package/global.py -> /home/pi/ros2_ws/pubsub_package/install/pubsub_package/lib/python3.10/site-packages/pubsub_package
[0.996s] copying /home/pi/ros2_ws/pubsub_package/build/pubsub_package/build/lib/pubsub_package/local.py -> /home/pi/ros2_ws/pubsub_package/install/pubsub_package/lib/python3.10/site-packages/pubsub_package
[0.996s] creating /home/pi/ros2_ws/pubsub_package/install/pubsub_package/lib/python3.10/site-packages/pubsub_package/planner
[0.997s] copying /home/pi/ros2_ws/pubsub_package/build/pubsub_package/build/lib/pubsub_package/planner/__init__.py -> /home/pi/ros2_ws/pubsub_package/install/pubsub_package/lib/python3.10/site-packages/pubsub_package/planner
[0.997s] copying /home/pi/ros2_ws/pubsub_package/build/pubsub_package/build/lib/pubsub_package/planner/dwa.py -> /home/pi/ros2_ws/pubsub_package/install/pubsub_package/lib/python3.10/site-packages/pubsub_package/planner
[0.997s] copying /home/pi/ros2_ws/pubsub_package/build/pubsub_package/build/lib/pubsub_package/planner/rrt_star.py -> /home/pi/ros2_ws/pubsub_package/install/pubsub_package/lib/python3.10/site-packages/pubsub_package/planner
[0.997s] byte-compiling /home/pi/ros2_ws/pubsub_package/install/pubsub_package/lib/python3.10/site-packages/pubsub_package/__init__.py to __init__.cpython-310.pyc
[0.998s] byte-compiling /home/pi/ros2_ws/pubsub_package/install/pubsub_package/lib/python3.10/site-packages/pubsub_package/global.py to global.cpython-310.pyc
[0.999s] byte-compiling /home/pi/ros2_ws/pubsub_package/install/pubsub_package/lib/python3.10/site-packages/pubsub_package/local.py to local.cpython-310.pyc
[1.000s] byte-compiling /home/pi/ros2_ws/pubsub_package/install/pubsub_package/lib/python3.10/site-packages/pubsub_package/planner/__init__.py to __init__.cpython-310.pyc
[1.000s] byte-compiling /home/pi/ros2_ws/pubsub_package/install/pubsub_package/lib/python3.10/site-packages/pubsub_package/planner/dwa.py to dwa.cpython-310.pyc
[1.000s] byte-compiling /home/pi/ros2_ws/pubsub_package/install/pubsub_package/lib/python3.10/site-packages/pubsub_package/planner/rrt_star.py to rrt_star.cpython-310.pyc
[1.001s] running install_data
[1.001s] creating /home/pi/ros2_ws/pubsub_package/install/pubsub_package/share/ament_index
[1.001s] creating /home/pi/ros2_ws/pubsub_package/install/pubsub_package/share/ament_index/resource_index
[1.001s] creating /home/pi/ros2_ws/pubsub_package/install/pubsub_package/share/ament_index/resource_index/packages
[1.002s] copying resource/pubsub_package -> /home/pi/ros2_ws/pubsub_package/install/pubsub_package/share/ament_index/resource_index/packages
[1.002s] copying package.xml -> /home/pi/ros2_ws/pubsub_package/install/pubsub_package/share/pubsub_package
[1.002s] running install_egg_info
[1.003s] Copying build/pubsub_package/pubsub_package.egg-info to /home/pi/ros2_ws/pubsub_package/install/pubsub_package/lib/python3.10/site-packages/pubsub_package-0.0.0-py3.10.egg-info
[1.004s] running install_scripts
[1.024s] Installing global_pub script to /home/pi/ros2_ws/pubsub_package/install/pubsub_package/lib/pubsub_package
[1.024s] Installing local_pub script to /home/pi/ros2_ws/pubsub_package/install/pubsub_package/lib/pubsub_package
[1.024s] writing list of installed files to '/home/pi/ros2_ws/pubsub_package/build/pubsub_package/install.log'
[1.046s] Invoked command in '/home/pi/ros2_ws/pubsub_package' returned '0': PYTHONPATH=/home/pi/ros2_ws/pubsub_package/build/pubsub_package/prefix_override:/usr/lib/python3/dist-packages/colcon_core/task/python/colcon_distutils_commands:/home/pi/ros2_ws/pubsub_package/install/pubsub_package/lib/python3.10/site-packages:${PYTHONPATH} /usr/bin/python3 -W ignore:setup.py install is deprecated -W ignore:easy_install command is deprecated setup.py egg_info --egg-base build/pubsub_package build --build-base /home/pi/ros2_ws/pubsub_package/build/pubsub_package/build install --record /home/pi/ros2_ws/pubsub_package/build/pubsub_package/install.log --single-version-externally-managed install_data
