/home/pi/ros2_ws/pubsub_package/install/pubsub_package/lib/python3.10/site-packages/pubsub_package/mpc_controller.py
/home/pi/ros2_ws/pubsub_package/install/pubsub_package/lib/python3.10/site-packages/pubsub_package/__init__.py
/home/pi/ros2_ws/pubsub_package/install/pubsub_package/lib/python3.10/site-packages/pubsub_package/global.py
/home/pi/ros2_ws/pubsub_package/install/pubsub_package/lib/python3.10/site-packages/pubsub_package/local.py
/home/pi/ros2_ws/pubsub_package/install/pubsub_package/lib/python3.10/site-packages/pubsub_package/planner/__init__.py
/home/pi/ros2_ws/pubsub_package/install/pubsub_package/lib/python3.10/site-packages/pubsub_package/planner/dwa.py
/home/pi/ros2_ws/pubsub_package/install/pubsub_package/lib/python3.10/site-packages/pubsub_package/planner/rrt_star.py
/home/pi/ros2_ws/pubsub_package/install/pubsub_package/lib/python3.10/site-packages/pubsub_package/__pycache__/mpc_controller.cpython-310.pyc
/home/pi/ros2_ws/pubsub_package/install/pubsub_package/lib/python3.10/site-packages/pubsub_package/__pycache__/__init__.cpython-310.pyc
/home/pi/ros2_ws/pubsub_package/install/pubsub_package/lib/python3.10/site-packages/pubsub_package/__pycache__/global.cpython-310.pyc
/home/pi/ros2_ws/pubsub_package/install/pubsub_package/lib/python3.10/site-packages/pubsub_package/__pycache__/local.cpython-310.pyc
/home/pi/ros2_ws/pubsub_package/install/pubsub_package/lib/python3.10/site-packages/pubsub_package/planner/__pycache__/__init__.cpython-310.pyc
/home/pi/ros2_ws/pubsub_package/install/pubsub_package/lib/python3.10/site-packages/pubsub_package/planner/__pycache__/dwa.cpython-310.pyc
/home/pi/ros2_ws/pubsub_package/install/pubsub_package/lib/python3.10/site-packages/pubsub_package/planner/__pycache__/rrt_star.cpython-310.pyc
/home/pi/ros2_ws/pubsub_package/install/pubsub_package/share/ament_index/resource_index/packages/pubsub_package
/home/pi/ros2_ws/pubsub_package/install/pubsub_package/share/pubsub_package/package.xml
/home/pi/ros2_ws/pubsub_package/install/pubsub_package/lib/python3.10/site-packages/pubsub_package-0.0.0-py3.10.egg-info/dependency_links.txt
/home/pi/ros2_ws/pubsub_package/install/pubsub_package/lib/python3.10/site-packages/pubsub_package-0.0.0-py3.10.egg-info/PKG-INFO
/home/pi/ros2_ws/pubsub_package/install/pubsub_package/lib/python3.10/site-packages/pubsub_package-0.0.0-py3.10.egg-info/zip-safe
/home/pi/ros2_ws/pubsub_package/install/pubsub_package/lib/python3.10/site-packages/pubsub_package-0.0.0-py3.10.egg-info/entry_points.txt
/home/pi/ros2_ws/pubsub_package/install/pubsub_package/lib/python3.10/site-packages/pubsub_package-0.0.0-py3.10.egg-info/requires.txt
/home/pi/ros2_ws/pubsub_package/install/pubsub_package/lib/python3.10/site-packages/pubsub_package-0.0.0-py3.10.egg-info/SOURCES.txt
/home/pi/ros2_ws/pubsub_package/install/pubsub_package/lib/python3.10/site-packages/pubsub_package-0.0.0-py3.10.egg-info/top_level.txt
/home/pi/ros2_ws/pubsub_package/install/pubsub_package/lib/pubsub_package/global_pub
/home/pi/ros2_ws/pubsub_package/install/pubsub_package/lib/pubsub_package/local_pub
