[0.774s] Invoking command in '/home/pi/ros2_ws/pubsub_package': PYTHONPATH=/home/pi/ros2_ws/pubsub_package/build/pubsub_package/prefix_override:/usr/lib/python3/dist-packages/colcon_core/task/python/colcon_distutils_commands:/home/pi/ros2_ws/pubsub_package/install/pubsub_package/lib/python3.10/site-packages:${PYTHONPATH} /usr/bin/python3 -W ignore:setup.py install is deprecated -W ignore:easy_install command is deprecated setup.py egg_info --egg-base build/pubsub_package build --build-base /home/pi/ros2_ws/pubsub_package/build/pubsub_package/build install --record /home/pi/ros2_ws/pubsub_package/build/pubsub_package/install.log --single-version-externally-managed install_data
[0.995s] running egg_info
[0.995s] writing build/pubsub_package/pubsub_package.egg-info/PKG-INFO
[0.996s] writing dependency_links to build/pubsub_package/pubsub_package.egg-info/dependency_links.txt
[0.996s] writing entry points to build/pubsub_package/pubsub_package.egg-info/entry_points.txt
[0.996s] writing requirements to build/pubsub_package/pubsub_package.egg-info/requires.txt
[0.996s] writing top-level names to build/pubsub_package/pubsub_package.egg-info/top_level.txt
[0.998s] reading manifest file 'build/pubsub_package/pubsub_package.egg-info/SOURCES.txt'
[1.010s] writing manifest file 'build/pubsub_package/pubsub_package.egg-info/SOURCES.txt'
[1.010s] running build
[1.010s] running build_py
[1.011s] copying pubsub_package/planner/rrt_star.py -> /home/pi/ros2_ws/pubsub_package/build/pubsub_package/build/lib/pubsub_package/planner
[1.011s] running install
[1.011s] running install_lib
[1.012s] copying /home/pi/ros2_ws/pubsub_package/build/pubsub_package/build/lib/pubsub_package/planner/rrt_star.py -> /home/pi/ros2_ws/pubsub_package/install/pubsub_package/lib/python3.10/site-packages/pubsub_package/planner
[1.013s] byte-compiling /home/pi/ros2_ws/pubsub_package/install/pubsub_package/lib/python3.10/site-packages/pubsub_package/planner/rrt_star.py to rrt_star.cpython-310.pyc
[1.015s] running install_data
[1.015s] running install_egg_info
[1.017s] removing '/home/pi/ros2_ws/pubsub_package/install/pubsub_package/lib/python3.10/site-packages/pubsub_package-0.0.0-py3.10.egg-info' (and everything under it)
[1.018s] Copying build/pubsub_package/pubsub_package.egg-info to /home/pi/ros2_ws/pubsub_package/install/pubsub_package/lib/python3.10/site-packages/pubsub_package-0.0.0-py3.10.egg-info
[1.019s] running install_scripts
[1.038s] Installing global_pub script to /home/pi/ros2_ws/pubsub_package/install/pubsub_package/lib/pubsub_package
[1.038s] Installing local_pub script to /home/pi/ros2_ws/pubsub_package/install/pubsub_package/lib/pubsub_package
[1.039s] writing list of installed files to '/home/pi/ros2_ws/pubsub_package/build/pubsub_package/install.log'
[1.065s] Invoked command in '/home/pi/ros2_ws/pubsub_package' returned '0': PYTHONPATH=/home/pi/ros2_ws/pubsub_package/build/pubsub_package/prefix_override:/usr/lib/python3/dist-packages/colcon_core/task/python/colcon_distutils_commands:/home/pi/ros2_ws/pubsub_package/install/pubsub_package/lib/python3.10/site-packages:${PYTHONPATH} /usr/bin/python3 -W ignore:setup.py install is deprecated -W ignore:easy_install command is deprecated setup.py egg_info --egg-base build/pubsub_package build --build-base /home/pi/ros2_ws/pubsub_package/build/pubsub_package/build install --record /home/pi/ros2_ws/pubsub_package/build/pubsub_package/install.log --single-version-externally-managed install_data
