[0.770s] Invoking command in '/home/pi/ros2_ws/pubsub_package': PYTHONPATH=/home/pi/ros2_ws/pubsub_package/build/pubsub_package/prefix_override:/usr/lib/python3/dist-packages/colcon_core/task/python/colcon_distutils_commands:/home/pi/ros2_ws/pubsub_package/install/pubsub_package/lib/python3.10/site-packages:${PYTHONPATH} /usr/bin/python3 -W ignore:setup.py install is deprecated -W ignore:easy_install command is deprecated setup.py egg_info --egg-base build/pubsub_package build --build-base /home/pi/ros2_ws/pubsub_package/build/pubsub_package/build install --record /home/pi/ros2_ws/pubsub_package/build/pubsub_package/install.log --single-version-externally-managed install_data
[0.990s] running egg_info
[0.990s] writing build/pubsub_package/pubsub_package.egg-info/PKG-INFO
[0.991s] writing dependency_links to build/pubsub_package/pubsub_package.egg-info/dependency_links.txt
[0.991s] writing entry points to build/pubsub_package/pubsub_package.egg-info/entry_points.txt
[0.991s] writing requirements to build/pubsub_package/pubsub_package.egg-info/requires.txt
[0.992s] writing top-level names to build/pubsub_package/pubsub_package.egg-info/top_level.txt
[0.994s] reading manifest file 'build/pubsub_package/pubsub_package.egg-info/SOURCES.txt'
[0.996s] writing manifest file 'build/pubsub_package/pubsub_package.egg-info/SOURCES.txt'
[0.996s] running build
[0.996s] running build_py
[0.996s] copying pubsub_package/mpc_controller.py -> /home/pi/ros2_ws/pubsub_package/build/pubsub_package/build/lib/pubsub_package
[0.997s] copying pubsub_package/local.py -> /home/pi/ros2_ws/pubsub_package/build/pubsub_package/build/lib/pubsub_package
[0.997s] running install
[0.997s] running install_lib
[0.999s] copying /home/pi/ros2_ws/pubsub_package/build/pubsub_package/build/lib/pubsub_package/mpc_controller.py -> /home/pi/ros2_ws/pubsub_package/install/pubsub_package/lib/python3.10/site-packages/pubsub_package
[0.999s] copying /home/pi/ros2_ws/pubsub_package/build/pubsub_package/build/lib/pubsub_package/local.py -> /home/pi/ros2_ws/pubsub_package/install/pubsub_package/lib/python3.10/site-packages/pubsub_package
[1.001s] byte-compiling /home/pi/ros2_ws/pubsub_package/install/pubsub_package/lib/python3.10/site-packages/pubsub_package/mpc_controller.py to mpc_controller.cpython-310.pyc
[1.003s] byte-compiling /home/pi/ros2_ws/pubsub_package/install/pubsub_package/lib/python3.10/site-packages/pubsub_package/local.py to local.cpython-310.pyc
[1.005s] running install_data
[1.005s] running install_egg_info
[1.007s] removing '/home/pi/ros2_ws/pubsub_package/install/pubsub_package/lib/python3.10/site-packages/pubsub_package-0.0.0-py3.10.egg-info' (and everything under it)
[1.007s] Copying build/pubsub_package/pubsub_package.egg-info to /home/pi/ros2_ws/pubsub_package/install/pubsub_package/lib/python3.10/site-packages/pubsub_package-0.0.0-py3.10.egg-info
[1.009s] running install_scripts
[1.027s] Installing global_pub script to /home/pi/ros2_ws/pubsub_package/install/pubsub_package/lib/pubsub_package
[1.027s] Installing local_pub script to /home/pi/ros2_ws/pubsub_package/install/pubsub_package/lib/pubsub_package
[1.027s] writing list of installed files to '/home/pi/ros2_ws/pubsub_package/build/pubsub_package/install.log'
[1.052s] Invoked command in '/home/pi/ros2_ws/pubsub_package' returned '0': PYTHONPATH=/home/pi/ros2_ws/pubsub_package/build/pubsub_package/prefix_override:/usr/lib/python3/dist-packages/colcon_core/task/python/colcon_distutils_commands:/home/pi/ros2_ws/pubsub_package/install/pubsub_package/lib/python3.10/site-packages:${PYTHONPATH} /usr/bin/python3 -W ignore:setup.py install is deprecated -W ignore:easy_install command is deprecated setup.py egg_info --egg-base build/pubsub_package build --build-base /home/pi/ros2_ws/pubsub_package/build/pubsub_package/build install --record /home/pi/ros2_ws/pubsub_package/build/pubsub_package/install.log --single-version-externally-managed install_data
